{
  "stats": {
    "suites": 1,
    "tests": 2,
    "passes": 2,
    "pending": 0,
    "failures": 0,
    "start": "2026-05-25T10:08:32.336Z",
    "end": "2026-05-25T10:08:36.031Z",
    "duration": 3695,
    "testsRegistered": 2,
    "passPercent": 100,
    "pendingPercent": 0,
    "other": 0,
    "hasOther": false,
    "skipped": 0,
    "hasSkipped": false
  },
  "results": [
    {
      "uuid": "6a0d004b-35c4-4d4b-99c9-38249f7af70e",
      "title": "",
      "fullFile": "cypress\\e2e\\sauceDemoTest\\loginTests.cy.js",
      "file": "cypress\\e2e\\sauceDemoTest\\loginTests.cy.js",
      "beforeHooks": [],
      "afterHooks": [],
      "tests": [],
      "suites": [
        {
          "uuid": "f8a00d12-ccfb-4165-8b03-6ad35450e72c",
          "title": "Login Tests",
          "fullFile": "",
          "file": "",
          "beforeHooks": [],
          "afterHooks": [],
          "tests": [
            {
              "title": "should login successfully with valid credentials",
              "fullTitle": "Login Tests should login successfully with valid credentials",
              "timedOut": null,
              "duration": 2642,
              "state": "passed",
              "speed": "fast",
              "pass": true,
              "fail": false,
              "pending": false,
              "context": null,
              "code": "/*  loginPage.enterEmail('standard_user');\n loginPage.enterPassword('secret_sauce');\n loginPage.clickLoginButton(); */\ncy.loginForSauce('standard_user', 'secret_sauce');\nproductPage.existsShoppingCart();",
              "err": {},
              "uuid": "113f614d-8a2f-457e-9f07-aeb0a19c6709",
              "parentUUID": "f8a00d12-ccfb-4165-8b03-6ad35450e72c",
              "isHook": false,
              "skipped": false
            },
            {
              "title": "should not login successfully with invalid credentials",
              "fullTitle": "Login Tests should not login successfully with invalid credentials",
              "timedOut": null,
              "duration": 959,
              "state": "passed",
              "speed": "fast",
              "pass": true,
              "fail": false,
              "pending": false,
              "context": null,
              "code": "/*  loginPage.enterEmail('standard_user');\n    loginPage.enterPassword('wrong_password');\n    loginPage.clickLoginButton(); */\ncy.loginForSauce('standard_user', 'wrong_password');\nloginPage.errorMessageShouldBeVisible();",
              "err": {},
              "uuid": "c116a899-2c69-4af4-8d4f-c8a381952460",
              "parentUUID": "f8a00d12-ccfb-4165-8b03-6ad35450e72c",
              "isHook": false,
              "skipped": false
            }
          ],
          "suites": [],
          "passes": [
            "113f614d-8a2f-457e-9f07-aeb0a19c6709",
            "c116a899-2c69-4af4-8d4f-c8a381952460"
          ],
          "failures": [],
          "pending": [],
          "skipped": [],
          "duration": 3601,
          "root": false,
          "rootEmpty": false,
          "_timeout": 2000
        }
      ],
      "passes": [],
      "failures": [],
      "pending": [],
      "skipped": [],
      "duration": 0,
      "root": true,
      "rootEmpty": true,
      "_timeout": 2000
    }
  ],
  "meta": {
    "mocha": {
      "version": "7.2.0"
    },
    "mochawesome": {
      "options": {
        "quiet": false,
        "reportFilename": "report-[name]-[datetime]",
        "saveHtml": true,
        "saveJson": true,
        "consoleReporter": "spec",
        "useInlineDiffs": false,
        "code": true
      },
      "version": "7.1.4"
    },
    "marge": {
      "options": {
        "reportDir": "cypress/reports",
        "overwrite": true,
        "html": true,
        "json": true,
        "reportFilename": "report-[name]-[datetime]",
        "timestamp": "mmddyyyy_HHMMss",
        "charts": true,
        "embeddedScreenshots": true
      },
      "version": "6.3.2"
    }
  }
}