{
  "stats": {
    "suites": 1,
    "tests": 2,
    "passes": 2,
    "pending": 0,
    "failures": 0,
    "start": "2026-05-25T09:20:36.756Z",
    "end": "2026-05-25T09:20:40.283Z",
    "duration": 3527,
    "testsRegistered": 2,
    "passPercent": 100,
    "pendingPercent": 0,
    "other": 0,
    "hasOther": false,
    "skipped": 0,
    "hasSkipped": false
  },
  "results": [
    {
      "uuid": "caadaaf3-e94c-42f8-ab87-e3f177515973",
      "title": "",
      "fullFile": "cypress\\e2e\\sauceDemoTest\\loginTests.cy.js",
      "file": "cypress\\e2e\\sauceDemoTest\\loginTests.cy.js",
      "beforeHooks": [],
      "afterHooks": [],
      "tests": [],
      "suites": [
        {
          "uuid": "f44cd769-0731-4f30-9748-ba326c7cf496",
          "title": "Login Tests",
          "fullFile": "",
          "file": "",
          "beforeHooks": [],
          "afterHooks": [],
          "tests": [
            {
              "title": "should login successfully with valid credentials",
              "fullTitle": "Login Tests should login successfully with valid credentials",
              "timedOut": null,
              "duration": 2494,
              "state": "passed",
              "speed": "fast",
              "pass": true,
              "fail": false,
              "pending": false,
              "context": null,
              "code": "/*  loginPage.enterEmail('standard_user');\n loginPage.enterPassword('secret_sauce');\n loginPage.clickLoginButton(); */\ncy.loginForSauce('standard_user', 'secret_sauce');\nproductPage.existsShoppingCart();",
              "err": {},
              "uuid": "564cb213-d956-4689-af17-d4762e9cd5ca",
              "parentUUID": "f44cd769-0731-4f30-9748-ba326c7cf496",
              "isHook": false,
              "skipped": false
            },
            {
              "title": "should not login successfully with invalid credentials",
              "fullTitle": "Login Tests should not login successfully with invalid credentials",
              "timedOut": null,
              "duration": 892,
              "state": "passed",
              "speed": "fast",
              "pass": true,
              "fail": false,
              "pending": false,
              "context": null,
              "code": "/*  loginPage.enterEmail('standard_user');\n    loginPage.enterPassword('wrong_password');\n    loginPage.clickLoginButton(); */\ncy.loginForSauce('standard_user', 'wrong_password');\nloginPage.errorMessageShouldBeVisible();",
              "err": {},
              "uuid": "124db5c1-9adc-4bdb-afa1-22b81fc2c0fd",
              "parentUUID": "f44cd769-0731-4f30-9748-ba326c7cf496",
              "isHook": false,
              "skipped": false
            }
          ],
          "suites": [],
          "passes": [
            "564cb213-d956-4689-af17-d4762e9cd5ca",
            "124db5c1-9adc-4bdb-afa1-22b81fc2c0fd"
          ],
          "failures": [],
          "pending": [],
          "skipped": [],
          "duration": 3386,
          "root": false,
          "rootEmpty": false,
          "_timeout": 2000
        }
      ],
      "passes": [],
      "failures": [],
      "pending": [],
      "skipped": [],
      "duration": 0,
      "root": true,
      "rootEmpty": true,
      "_timeout": 2000
    }
  ],
  "meta": {
    "mocha": {
      "version": "7.2.0"
    },
    "mochawesome": {
      "options": {
        "quiet": false,
        "reportFilename": "report-[name]-[datetime]",
        "saveHtml": true,
        "saveJson": true,
        "consoleReporter": "spec",
        "useInlineDiffs": false,
        "code": true
      },
      "version": "7.1.4"
    },
    "marge": {
      "options": {
        "reportDir": "cypress/reports",
        "overwrite": true,
        "html": true,
        "json": true,
        "reportFilename": "report-[name]-[datetime]",
        "timestamp": "mmddyyyy_HHMMss",
        "charts": true,
        "embeddedScreenshots": true
      },
      "version": "6.3.2"
    }
  }
}