{
  "stats": {
    "suites": 1,
    "tests": 2,
    "passes": 2,
    "pending": 0,
    "failures": 0,
    "start": "2026-05-25T10:17:21.318Z",
    "end": "2026-05-25T10:17:25.021Z",
    "duration": 3703,
    "testsRegistered": 2,
    "passPercent": 100,
    "pendingPercent": 0,
    "other": 0,
    "hasOther": false,
    "skipped": 0,
    "hasSkipped": false
  },
  "results": [
    {
      "uuid": "80d1e64e-ee3d-4377-8b4c-729d84828895",
      "title": "",
      "fullFile": "cypress\\e2e\\sauceDemoTest\\loginTests.cy.js",
      "file": "cypress\\e2e\\sauceDemoTest\\loginTests.cy.js",
      "beforeHooks": [],
      "afterHooks": [],
      "tests": [],
      "suites": [
        {
          "uuid": "de7e1d86-5361-4bb4-a314-414814d24b8b",
          "title": "Login Tests",
          "fullFile": "",
          "file": "",
          "beforeHooks": [],
          "afterHooks": [],
          "tests": [
            {
              "title": "should login successfully with valid credentials",
              "fullTitle": "Login Tests should login successfully with valid credentials",
              "timedOut": null,
              "duration": 2635,
              "state": "passed",
              "speed": "fast",
              "pass": true,
              "fail": false,
              "pending": false,
              "context": null,
              "code": "/*  loginPage.enterEmail('standard_user');\n loginPage.enterPassword('secret_sauce');\n loginPage.clickLoginButton(); */\ncy.loginForSauce('standard_user', 'secret_sauce');\nproductPage.existsShoppingCart();",
              "err": {},
              "uuid": "e31a5003-522c-4739-9288-8e264c4fbf21",
              "parentUUID": "de7e1d86-5361-4bb4-a314-414814d24b8b",
              "isHook": false,
              "skipped": false
            },
            {
              "title": "should not login successfully with invalid credentials",
              "fullTitle": "Login Tests should not login successfully with invalid credentials",
              "timedOut": null,
              "duration": 990,
              "state": "passed",
              "speed": "fast",
              "pass": true,
              "fail": false,
              "pending": false,
              "context": null,
              "code": "/*  loginPage.enterEmail('standard_user');\n    loginPage.enterPassword('wrong_password');\n    loginPage.clickLoginButton(); */\ncy.loginForSauce('standard_user', 'wrong_password');\nloginPage.errorMessageShouldBeVisible();",
              "err": {},
              "uuid": "a1ff844a-7ec0-4211-aa0e-d7cbfe570d8b",
              "parentUUID": "de7e1d86-5361-4bb4-a314-414814d24b8b",
              "isHook": false,
              "skipped": false
            }
          ],
          "suites": [],
          "passes": [
            "e31a5003-522c-4739-9288-8e264c4fbf21",
            "a1ff844a-7ec0-4211-aa0e-d7cbfe570d8b"
          ],
          "failures": [],
          "pending": [],
          "skipped": [],
          "duration": 3625,
          "root": false,
          "rootEmpty": false,
          "_timeout": 2000
        }
      ],
      "passes": [],
      "failures": [],
      "pending": [],
      "skipped": [],
      "duration": 0,
      "root": true,
      "rootEmpty": true,
      "_timeout": 2000
    }
  ],
  "meta": {
    "mocha": {
      "version": "7.2.0"
    },
    "mochawesome": {
      "options": {
        "quiet": false,
        "reportFilename": "report-[name]-[datetime]",
        "saveHtml": true,
        "saveJson": true,
        "consoleReporter": "spec",
        "useInlineDiffs": false,
        "code": true
      },
      "version": "7.1.4"
    },
    "marge": {
      "options": {
        "reportDir": "cypress/reports",
        "overwrite": true,
        "html": true,
        "json": true,
        "reportFilename": "report-[name]-[datetime]",
        "timestamp": "mmddyyyy_HHMMss",
        "charts": true,
        "embeddedScreenshots": true
      },
      "version": "6.3.2"
    }
  }
}