{
  "stats": {
    "suites": 1,
    "tests": 18,
    "passes": 18,
    "pending": 0,
    "failures": 0,
    "start": "2026-05-25T09:20:08.180Z",
    "end": "2026-05-25T09:20:12.533Z",
    "duration": 4353,
    "testsRegistered": 18,
    "passPercent": 100,
    "pendingPercent": 0,
    "other": 0,
    "hasOther": false,
    "skipped": 0,
    "hasSkipped": false
  },
  "results": [
    {
      "uuid": "2e12228d-de18-4a79-bf63-cee9a14e9349",
      "title": "",
      "fullFile": "cypress\\e2e\\2-advanced-examples\\traversal.cy.js",
      "file": "cypress\\e2e\\2-advanced-examples\\traversal.cy.js",
      "beforeHooks": [],
      "afterHooks": [],
      "tests": [],
      "suites": [
        {
          "uuid": "003ab0d1-f6e2-4f18-9a79-07fbd5f57e6f",
          "title": "Traversal",
          "fullFile": "",
          "file": "",
          "beforeHooks": [],
          "afterHooks": [],
          "tests": [
            {
              "title": ".children() - get child DOM elements",
              "fullTitle": "Traversal .children() - get child DOM elements",
              "timedOut": null,
              "duration": 436,
              "state": "passed",
              "speed": "fast",
              "pass": true,
              "fail": false,
              "pending": false,
              "context": null,
              "code": "// https://on.cypress.io/children\ncy.get('.traversal-breadcrumb').children('.active').should('contain', 'Data');",
              "err": {},
              "uuid": "07634c5d-57c1-4887-b46c-a4a2211c75bf",
              "parentUUID": "003ab0d1-f6e2-4f18-9a79-07fbd5f57e6f",
              "isHook": false,
              "skipped": false
            },
            {
              "title": ".closest() - get closest ancestor DOM element",
              "fullTitle": "Traversal .closest() - get closest ancestor DOM element",
              "timedOut": null,
              "duration": 183,
              "state": "passed",
              "speed": "fast",
              "pass": true,
              "fail": false,
              "pending": false,
              "context": null,
              "code": "// https://on.cypress.io/closest\ncy.get('.traversal-badge').closest('ul').should('have.class', 'list-group');",
              "err": {},
              "uuid": "dd56d284-632a-4c2d-8ebf-932f711f323e",
              "parentUUID": "003ab0d1-f6e2-4f18-9a79-07fbd5f57e6f",
              "isHook": false,
              "skipped": false
            },
            {
              "title": ".eq() - get a DOM element at a specific index",
              "fullTitle": "Traversal .eq() - get a DOM element at a specific index",
              "timedOut": null,
              "duration": 144,
              "state": "passed",
              "speed": "fast",
              "pass": true,
              "fail": false,
              "pending": false,
              "context": null,
              "code": "// https://on.cypress.io/eq\ncy.get('.traversal-list>li').eq(1).should('contain', 'siamese');",
              "err": {},
              "uuid": "4099c8a9-ff06-4eca-91f1-98e769d1a15f",
              "parentUUID": "003ab0d1-f6e2-4f18-9a79-07fbd5f57e6f",
              "isHook": false,
              "skipped": false
            },
            {
              "title": ".filter() - get DOM elements that match the selector",
              "fullTitle": "Traversal .filter() - get DOM elements that match the selector",
              "timedOut": null,
              "duration": 145,
              "state": "passed",
              "speed": "fast",
              "pass": true,
              "fail": false,
              "pending": false,
              "context": null,
              "code": "// https://on.cypress.io/filter\ncy.get('.traversal-nav>li').filter('.active').should('contain', 'About');",
              "err": {},
              "uuid": "cc4eefd4-bd6b-4373-a013-e3bb1a81f32e",
              "parentUUID": "003ab0d1-f6e2-4f18-9a79-07fbd5f57e6f",
              "isHook": false,
              "skipped": false
            },
            {
              "title": ".find() - get descendant DOM elements of the selector",
              "fullTitle": "Traversal .find() - get descendant DOM elements of the selector",
              "timedOut": null,
              "duration": 154,
              "state": "passed",
              "speed": "fast",
              "pass": true,
              "fail": false,
              "pending": false,
              "context": null,
              "code": "// https://on.cypress.io/find\ncy.get('.traversal-pagination').find('li').find('a').should('have.length', 7);",
              "err": {},
              "uuid": "93012d9c-5932-471e-8d10-f31f93e96ed6",
              "parentUUID": "003ab0d1-f6e2-4f18-9a79-07fbd5f57e6f",
              "isHook": false,
              "skipped": false
            },
            {
              "title": ".first() - get first DOM element",
              "fullTitle": "Traversal .first() - get first DOM element",
              "timedOut": null,
              "duration": 170,
              "state": "passed",
              "speed": "fast",
              "pass": true,
              "fail": false,
              "pending": false,
              "context": null,
              "code": "// https://on.cypress.io/first\ncy.get('.traversal-table td').first().should('contain', '1');",
              "err": {},
              "uuid": "a8289b0e-cd7f-4e0b-8b86-138e0a37e1c3",
              "parentUUID": "003ab0d1-f6e2-4f18-9a79-07fbd5f57e6f",
              "isHook": false,
              "skipped": false
            },
            {
              "title": ".last() - get last DOM element",
              "fullTitle": "Traversal .last() - get last DOM element",
              "timedOut": null,
              "duration": 117,
              "state": "passed",
              "speed": "fast",
              "pass": true,
              "fail": false,
              "pending": false,
              "context": null,
              "code": "// https://on.cypress.io/last\ncy.get('.traversal-buttons .btn').last().should('contain', 'Submit');",
              "err": {},
              "uuid": "2f166bf0-73aa-4256-aefc-f1b328ac9a63",
              "parentUUID": "003ab0d1-f6e2-4f18-9a79-07fbd5f57e6f",
              "isHook": false,
              "skipped": false
            },
            {
              "title": ".next() - get next sibling DOM element",
              "fullTitle": "Traversal .next() - get next sibling DOM element",
              "timedOut": null,
              "duration": 142,
              "state": "passed",
              "speed": "fast",
              "pass": true,
              "fail": false,
              "pending": false,
              "context": null,
              "code": "// https://on.cypress.io/next\ncy.get('.traversal-ul').contains('apples').next().should('contain', 'oranges');",
              "err": {},
              "uuid": "9d1722c9-534c-4df2-bfcd-8ef81a4c7759",
              "parentUUID": "003ab0d1-f6e2-4f18-9a79-07fbd5f57e6f",
              "isHook": false,
              "skipped": false
            },
            {
              "title": ".nextAll() - get all next sibling DOM elements",
              "fullTitle": "Traversal .nextAll() - get all next sibling DOM elements",
              "timedOut": null,
              "duration": 143,
              "state": "passed",
              "speed": "fast",
              "pass": true,
              "fail": false,
              "pending": false,
              "context": null,
              "code": "// https://on.cypress.io/nextall\ncy.get('.traversal-next-all').contains('oranges').nextAll().should('have.length', 3);",
              "err": {},
              "uuid": "a33ea14d-4f08-4050-971a-df363452576d",
              "parentUUID": "003ab0d1-f6e2-4f18-9a79-07fbd5f57e6f",
              "isHook": false,
              "skipped": false
            },
            {
              "title": ".nextUntil() - get next sibling DOM elements until next el",
              "fullTitle": "Traversal .nextUntil() - get next sibling DOM elements until next el",
              "timedOut": null,
              "duration": 155,
              "state": "passed",
              "speed": "fast",
              "pass": true,
              "fail": false,
              "pending": false,
              "context": null,
              "code": "// https://on.cypress.io/nextuntil\ncy.get('#veggies').nextUntil('#nuts').should('have.length', 3);",
              "err": {},
              "uuid": "915a8554-3bc8-4ff7-b747-746f33456715",
              "parentUUID": "003ab0d1-f6e2-4f18-9a79-07fbd5f57e6f",
              "isHook": false,
              "skipped": false
            },
            {
              "title": ".not() - remove DOM elements from set of DOM elements",
              "fullTitle": "Traversal .not() - remove DOM elements from set of DOM elements",
              "timedOut": null,
              "duration": 133,
              "state": "passed",
              "speed": "fast",
              "pass": true,
              "fail": false,
              "pending": false,
              "context": null,
              "code": "// https://on.cypress.io/not\ncy.get('.traversal-disabled .btn').not('[disabled]').should('not.contain', 'Disabled');",
              "err": {},
              "uuid": "65e33226-5f6c-4482-a00b-e6fdb1ee01c3",
              "parentUUID": "003ab0d1-f6e2-4f18-9a79-07fbd5f57e6f",
              "isHook": false,
              "skipped": false
            },
            {
              "title": ".parent() - get parent DOM element from DOM elements",
              "fullTitle": "Traversal .parent() - get parent DOM element from DOM elements",
              "timedOut": null,
              "duration": 127,
              "state": "passed",
              "speed": "fast",
              "pass": true,
              "fail": false,
              "pending": false,
              "context": null,
              "code": "// https://on.cypress.io/parent\ncy.get('.traversal-mark').parent().should('contain', 'Morbi leo risus');",
              "err": {},
              "uuid": "8efae866-056b-48a2-a864-6f1b143e6a50",
              "parentUUID": "003ab0d1-f6e2-4f18-9a79-07fbd5f57e6f",
              "isHook": false,
              "skipped": false
            },
            {
              "title": ".parents() - get parent DOM elements from DOM elements",
              "fullTitle": "Traversal .parents() - get parent DOM elements from DOM elements",
              "timedOut": null,
              "duration": 131,
              "state": "passed",
              "speed": "fast",
              "pass": true,
              "fail": false,
              "pending": false,
              "context": null,
              "code": "// https://on.cypress.io/parents\ncy.get('.traversal-cite').parents().should('match', 'blockquote');",
              "err": {},
              "uuid": "7194dc62-43f4-469f-9936-b69986c21dc9",
              "parentUUID": "003ab0d1-f6e2-4f18-9a79-07fbd5f57e6f",
              "isHook": false,
              "skipped": false
            },
            {
              "title": ".parentsUntil() - get parent DOM elements from DOM elements until el",
              "fullTitle": "Traversal .parentsUntil() - get parent DOM elements from DOM elements until el",
              "timedOut": null,
              "duration": 119,
              "state": "passed",
              "speed": "fast",
              "pass": true,
              "fail": false,
              "pending": false,
              "context": null,
              "code": "// https://on.cypress.io/parentsuntil\ncy.get('.clothes-nav').find('.active').parentsUntil('.clothes-nav').should('have.length', 2);",
              "err": {},
              "uuid": "23b80d17-12ac-4678-87b3-79db2c73e5fe",
              "parentUUID": "003ab0d1-f6e2-4f18-9a79-07fbd5f57e6f",
              "isHook": false,
              "skipped": false
            },
            {
              "title": ".prev() - get previous sibling DOM element",
              "fullTitle": "Traversal .prev() - get previous sibling DOM element",
              "timedOut": null,
              "duration": 124,
              "state": "passed",
              "speed": "fast",
              "pass": true,
              "fail": false,
              "pending": false,
              "context": null,
              "code": "// https://on.cypress.io/prev\ncy.get('.birds').find('.active').prev().should('contain', 'Lorikeets');",
              "err": {},
              "uuid": "9e6b264f-2c33-4170-b038-c2c9195214ce",
              "parentUUID": "003ab0d1-f6e2-4f18-9a79-07fbd5f57e6f",
              "isHook": false,
              "skipped": false
            },
            {
              "title": ".prevAll() - get all previous sibling DOM elements",
              "fullTitle": "Traversal .prevAll() - get all previous sibling DOM elements",
              "timedOut": null,
              "duration": 134,
              "state": "passed",
              "speed": "fast",
              "pass": true,
              "fail": false,
              "pending": false,
              "context": null,
              "code": "// https://on.cypress.io/prevall\ncy.get('.fruits-list').find('.third').prevAll().should('have.length', 2);",
              "err": {},
              "uuid": "747ee27f-8524-4854-8e08-4e1ee6fdbda8",
              "parentUUID": "003ab0d1-f6e2-4f18-9a79-07fbd5f57e6f",
              "isHook": false,
              "skipped": false
            },
            {
              "title": ".prevUntil() - get all previous sibling DOM elements until el",
              "fullTitle": "Traversal .prevUntil() - get all previous sibling DOM elements until el",
              "timedOut": null,
              "duration": 160,
              "state": "passed",
              "speed": "fast",
              "pass": true,
              "fail": false,
              "pending": false,
              "context": null,
              "code": "// https://on.cypress.io/prevuntil\ncy.get('.foods-list').find('#nuts').prevUntil('#veggies').should('have.length', 3);",
              "err": {},
              "uuid": "c464fa5e-1b99-4e95-a38c-6e3c445dcd8b",
              "parentUUID": "003ab0d1-f6e2-4f18-9a79-07fbd5f57e6f",
              "isHook": false,
              "skipped": false
            },
            {
              "title": ".siblings() - get all sibling DOM elements",
              "fullTitle": "Traversal .siblings() - get all sibling DOM elements",
              "timedOut": null,
              "duration": 123,
              "state": "passed",
              "speed": "fast",
              "pass": true,
              "fail": false,
              "pending": false,
              "context": null,
              "code": "// https://on.cypress.io/siblings\ncy.get('.traversal-pills .active').siblings().should('have.length', 2);",
              "err": {},
              "uuid": "6195d554-7bdb-44c7-b479-34e7f961f598",
              "parentUUID": "003ab0d1-f6e2-4f18-9a79-07fbd5f57e6f",
              "isHook": false,
              "skipped": false
            }
          ],
          "suites": [],
          "passes": [
            "07634c5d-57c1-4887-b46c-a4a2211c75bf",
            "dd56d284-632a-4c2d-8ebf-932f711f323e",
            "4099c8a9-ff06-4eca-91f1-98e769d1a15f",
            "cc4eefd4-bd6b-4373-a013-e3bb1a81f32e",
            "93012d9c-5932-471e-8d10-f31f93e96ed6",
            "a8289b0e-cd7f-4e0b-8b86-138e0a37e1c3",
            "2f166bf0-73aa-4256-aefc-f1b328ac9a63",
            "9d1722c9-534c-4df2-bfcd-8ef81a4c7759",
            "a33ea14d-4f08-4050-971a-df363452576d",
            "915a8554-3bc8-4ff7-b747-746f33456715",
            "65e33226-5f6c-4482-a00b-e6fdb1ee01c3",
            "8efae866-056b-48a2-a864-6f1b143e6a50",
            "7194dc62-43f4-469f-9936-b69986c21dc9",
            "23b80d17-12ac-4678-87b3-79db2c73e5fe",
            "9e6b264f-2c33-4170-b038-c2c9195214ce",
            "747ee27f-8524-4854-8e08-4e1ee6fdbda8",
            "c464fa5e-1b99-4e95-a38c-6e3c445dcd8b",
            "6195d554-7bdb-44c7-b479-34e7f961f598"
          ],
          "failures": [],
          "pending": [],
          "skipped": [],
          "duration": 2840,
          "root": false,
          "rootEmpty": false,
          "_timeout": 2000
        }
      ],
      "passes": [],
      "failures": [],
      "pending": [],
      "skipped": [],
      "duration": 0,
      "root": true,
      "rootEmpty": true,
      "_timeout": 2000
    }
  ],
  "meta": {
    "mocha": {
      "version": "7.2.0"
    },
    "mochawesome": {
      "options": {
        "quiet": false,
        "reportFilename": "report-[name]-[datetime]",
        "saveHtml": true,
        "saveJson": true,
        "consoleReporter": "spec",
        "useInlineDiffs": false,
        "code": true
      },
      "version": "7.1.4"
    },
    "marge": {
      "options": {
        "reportDir": "cypress/reports",
        "overwrite": true,
        "html": true,
        "json": true,
        "reportFilename": "report-[name]-[datetime]",
        "timestamp": "mmddyyyy_HHMMss",
        "charts": true,
        "embeddedScreenshots": true
      },
      "version": "6.3.2"
    }
  }
}